-encoding
UTF-8
-outxml
-source
1.6
-target
1.6
-classpath
/Users/tomaszlandowski/.m2/repository/antlr/antlr/2.7.6/antlr-2.7.6.jar:/Users/tomaszlandowski/.m2/repository/aopalliance/aopalliance/1.0/aopalliance-1.0.jar:/Users/tomaszlandowski/.m2/repository/cglib/cglib-nodep/2.2.2/cglib-nodep-2.2.2.jar:/Users/tomaszlandowski/.m2/repository/commons-codec/commons-codec/1.6/commons-codec-1.6.jar:/Users/tomaszlandowski/.m2/repository/commons-collections/commons-collections/3.2.1/commons-collections-3.2.1.jar:/Users/tomaszlandowski/.m2/repository/commons-dbcp/commons-dbcp/1.3/commons-dbcp-1.3.jar:/Users/tomaszlandowski/.m2/repository/commons-io/commons-io/2.1/commons-io-2.1.jar:/Users/tomaszlandowski/.m2/repository/commons-pool/commons-pool/1.5.6/commons-pool-1.5.6.jar:/Users/tomaszlandowski/.m2/repository/dom4j/dom4j/1.6.1/dom4j-1.6.1.jar:/Users/tomaszlandowski/.m2/repository/javassist/javassist/3.12.0.GA/javassist-3.12.0.GA.jar:/Users/tomaszlandowski/.m2/repository/javax/servlet/servlet-api/2.5/servlet-api-2.5.jar:/Users/tomaszlandowski/.m2/repository/javax/transaction/jta/1.1/jta-1.1.jar:/Users/tomaszlandowski/.m2/repository/javax/validation/validation-api/1.0.0.GA/validation-api-1.0.0.GA.jar:/Users/tomaszlandowski/.m2/repository/junit/junit/4.10/junit-4.10.jar:/Users/tomaszlandowski/.m2/repository/junit/junit-dep/4.8.2/junit-dep-4.8.2.jar:/Users/tomaszlandowski/.m2/repository/log4j/log4j/1.2.16/log4j-1.2.16.jar:/Users/tomaszlandowski/.m2/repository/mysql/mysql-connector-java/5.1.18/mysql-connector-java-5.1.18.jar:/Users/tomaszlandowski/.m2/repository/net/sf/flexjson/flexjson/2.1/flexjson-2.1.jar:/Users/tomaszlandowski/.m2/repository/org/apache/commons/commons-lang3/3.1/commons-lang3-3.1.jar:/Users/tomaszlandowski/.m2/repository/org/aspectj/aspectjrt/1.7.0.RC1/aspectjrt-1.7.0.RC1.jar:/Users/tomaszlandowski/.m2/repository/org/aspectj/aspectjweaver/1.7.0.RC1/aspectjweaver-1.7.0.RC1.jar:/Users/tomaszlandowski/.m2/repository/org/hamcrest/hamcrest-core/1.1/hamcrest-core-1.1.jar:/Users/tomaszlandowski/.m2/repository/org/hibernate/hibernate-commons-annotations/3.2.0.Final/hibernate-commons-annotations-3.2.0.Final.jar:/Users/tomaszlandowski/.m2/repository/org/hibernate/hibernate-core/3.6.9.Final/hibernate-core-3.6.9.Final.jar:/Users/tomaszlandowski/.m2/repository/org/hibernate/hibernate-entitymanager/3.6.9.Final/hibernate-entitymanager-3.6.9.Final.jar:/Users/tomaszlandowski/.m2/repository/org/hibernate/hibernate-validator/4.2.0.Final/hibernate-validator-4.2.0.Final.jar:/Users/tomaszlandowski/.m2/repository/org/hibernate/javax/persistence/hibernate-jpa-2.0-api/1.0.1.Final/hibernate-jpa-2.0-api-1.0.1.Final.jar:/Users/tomaszlandowski/.m2/repository/org/json/json/20090211/json-20090211.jar:/Users/tomaszlandowski/.m2/repository/org/slf4j/jcl-over-slf4j/1.6.4/jcl-over-slf4j-1.6.4.jar:/Users/tomaszlandowski/.m2/repository/org/slf4j/slf4j-api/1.6.4/slf4j-api-1.6.4.jar:/Users/tomaszlandowski/.m2/repository/org/slf4j/slf4j-log4j12/1.6.4/slf4j-log4j12-1.6.4.jar:/Users/tomaszlandowski/.m2/repository/org/springframework/spring-aop/3.1.1.RELEASE/spring-aop-3.1.1.RELEASE.jar:/Users/tomaszlandowski/.m2/repository/org/springframework/spring-asm/3.1.1.RELEASE/spring-asm-3.1.1.RELEASE.jar:/Users/tomaszlandowski/.m2/repository/org/springframework/spring-aspects/3.1.1.RELEASE/spring-aspects-3.1.1.RELEASE.jar:/Users/tomaszlandowski/.m2/repository/org/springframework/spring-beans/3.1.1.RELEASE/spring-beans-3.1.1.RELEASE.jar:/Users/tomaszlandowski/.m2/repository/org/springframework/spring-context/3.1.1.RELEASE/spring-context-3.1.1.RELEASE.jar:/Users/tomaszlandowski/.m2/repository/org/springframework/spring-context-support/3.1.1.RELEASE/spring-context-support-3.1.1.RELEASE.jar:/Users/tomaszlandowski/.m2/repository/org/springframework/spring-core/3.1.1.RELEASE/spring-core-3.1.1.RELEASE.jar:/Users/tomaszlandowski/.m2/repository/org/springframework/spring-expression/3.1.1.RELEASE/spring-expression-3.1.1.RELEASE.jar:/Users/tomaszlandowski/.m2/repository/org/springframework/spring-jdbc/3.1.1.RELEASE/spring-jdbc-3.1.1.RELEASE.jar:/Users/tomaszlandowski/.m2/repository/org/springframework/spring-orm/3.1.1.RELEASE/spring-orm-3.1.1.RELEASE.jar:/Users/tomaszlandowski/.m2/repository/org/springframework/spring-test/3.1.1.RELEASE/spring-test-3.1.1.RELEASE.jar:/Users/tomaszlandowski/.m2/repository/org/springframework/spring-tx/3.1.1.RELEASE/spring-tx-3.1.1.RELEASE.jar:/Users/tomaszlandowski/.m2/repository/org/springframework/data/spring-data-commons-core/1.3.0.RELEASE/spring-data-commons-core-1.3.0.RELEASE.jar:/Users/tomaszlandowski/.m2/repository/org/springframework/data/spring-data-jpa/1.1.0.RELEASE/spring-data-jpa-1.1.0.RELEASE.jar:/Users/tomaszlandowski/.m2/repository/org/springframework/roo/org.springframework.roo.annotations/1.2.2.RELEASE/org.springframework.roo.annotations-1.2.2.RELEASE.jar:/Users/tomaszlandowski/Documents/homeworkspace/src/application-bo/application-bo-core/target/classes
-aspectpath
/Users/tomaszlandowski/.m2/repository/org/springframework/spring-aspects/3.1.1.RELEASE/spring-aspects-3.1.1.RELEASE.jar
-d
/Users/tomaszlandowski/Documents/homeworkspace/src/application-bo/application-bo-core/target/classes
/Users/tomaszlandowski/Documents/homeworkspace/src/application-bo/application-bo-core/src/main/java/com/brand/application/bo/core/model/Producer_Roo_Configurable.aj
/Users/tomaszlandowski/Documents/homeworkspace/src/application-bo/application-bo-core/src/main/java/com/brand/application/bo/core/model/ComponentRating_Roo_ToString.aj
/Users/tomaszlandowski/Documents/homeworkspace/src/application-bo/application-bo-core/src/main/java/com/brand/application/bo/core/model/Component_Roo_Jpa_Entity.aj
/Users/tomaszlandowski/Documents/homeworkspace/src/application-bo/application-bo-core/src/main/java/com/brand/application/bo/core/model/Component.java
/Users/tomaszlandowski/Documents/homeworkspace/src/application-bo/application-bo-core/src/main/java/com/brand/application/bo/core/model/Category_Roo_JavaBean.aj
/Users/tomaszlandowski/Documents/homeworkspace/src/application-bo/application-bo-core/src/main/java/com/brand/application/bo/core/model/Product_Roo_JavaBean.aj
/Users/tomaszlandowski/Documents/homeworkspace/src/application-bo/application-bo-core/src/main/java/com/brand/application/bo/core/repository/ProducerRepository_Roo_Jpa_Repository.aj
/Users/tomaszlandowski/Documents/homeworkspace/src/application-bo/application-bo-core/src/main/java/com/brand/application/bo/core/model/Category_Roo_Configurable.aj
/Users/tomaszlandowski/Documents/homeworkspace/src/application-bo/application-bo-core/src/main/java/com/brand/application/bo/core/repository/CountryRepository_Roo_Jpa_Repository.aj
/Users/tomaszlandowski/Documents/homeworkspace/src/application-bo/application-bo-core/src/main/java/com/brand/application/bo/core/model/Category_Roo_ToString.aj
/Users/tomaszlandowski/Documents/homeworkspace/src/application-bo/application-bo-core/src/main/java/com/brand/application/bo/core/repository/ProductRepository.java
/Users/tomaszlandowski/Documents/homeworkspace/src/application-bo/application-bo-core/src/main/java/com/brand/application/bo/core/model/Component_Roo_Configurable.aj
/Users/tomaszlandowski/Documents/homeworkspace/src/application-bo/application-bo-core/src/main/java/com/brand/application/bo/core/model/Country_Roo_JavaBean.aj
/Users/tomaszlandowski/Documents/homeworkspace/src/application-bo/application-bo-core/src/main/java/com/brand/application/bo/core/repository/CountryRepository.java
/Users/tomaszlandowski/Documents/homeworkspace/src/application-bo/application-bo-core/src/main/java/com/brand/application/bo/core/repository/ComponentRepository_Roo_Jpa_Repository.aj
/Users/tomaszlandowski/Documents/homeworkspace/src/application-bo/application-bo-core/src/main/java/com/brand/application/bo/core/model/Country.java
/Users/tomaszlandowski/Documents/homeworkspace/src/application-bo/application-bo-core/src/main/java/com/brand/application/bo/core/model/ComponentRating_Roo_Jpa_Entity.aj
/Users/tomaszlandowski/Documents/homeworkspace/src/application-bo/application-bo-core/src/main/java/com/brand/application/bo/core/model/Category_Roo_Jpa_ActiveRecord.aj
/Users/tomaszlandowski/Documents/homeworkspace/src/application-bo/application-bo-core/src/main/java/com/brand/application/bo/core/repository/ProductRepository_Roo_Jpa_Repository.aj
/Users/tomaszlandowski/Documents/homeworkspace/src/application-bo/application-bo-core/src/main/java/com/brand/application/bo/core/model/Producer_Roo_JavaBean.aj
/Users/tomaszlandowski/Documents/homeworkspace/src/application-bo/application-bo-core/src/main/java/com/brand/application/bo/core/repository/ComponentRepository.java
/Users/tomaszlandowski/Documents/homeworkspace/src/application-bo/application-bo-core/src/main/java/com/brand/application/bo/core/model/Product_Roo_ToString.aj
/Users/tomaszlandowski/Documents/homeworkspace/src/application-bo/application-bo-core/src/main/java/com/brand/application/bo/core/model/ComponentRating.java
/Users/tomaszlandowski/Documents/homeworkspace/src/application-bo/application-bo-core/src/main/java/com/brand/application/bo/core/model/Producer.java
/Users/tomaszlandowski/Documents/homeworkspace/src/application-bo/application-bo-core/src/main/java/com/brand/application/bo/core/model/Product_Roo_Jpa_ActiveRecord.aj
/Users/tomaszlandowski/Documents/homeworkspace/src/application-bo/application-bo-core/src/main/java/com/brand/application/bo/core/model/ComponentRating_Roo_Jpa_ActiveRecord.aj
/Users/tomaszlandowski/Documents/homeworkspace/src/application-bo/application-bo-core/src/main/java/com/brand/application/bo/core/model/Country_Roo_Jpa_ActiveRecord.aj
/Users/tomaszlandowski/Documents/homeworkspace/src/application-bo/application-bo-core/src/main/java/com/brand/application/bo/core/model/Category.java
/Users/tomaszlandowski/Documents/homeworkspace/src/application-bo/application-bo-core/src/main/java/com/brand/application/bo/core/model/Producer_Roo_Jpa_Entity.aj
/Users/tomaszlandowski/Documents/homeworkspace/src/application-bo/application-bo-core/src/main/java/com/brand/application/bo/core/repository/ProducerRepository.java
/Users/tomaszlandowski/Documents/homeworkspace/src/application-bo/application-bo-core/src/main/java/com/brand/application/bo/core/model/Country_Roo_Configurable.aj
/Users/tomaszlandowski/Documents/homeworkspace/src/application-bo/application-bo-core/src/main/java/com/brand/application/bo/core/model/Country_Roo_ToString.aj
/Users/tomaszlandowski/Documents/homeworkspace/src/application-bo/application-bo-core/src/main/java/com/brand/application/bo/core/model/Producer_Roo_Jpa_ActiveRecord.aj
/Users/tomaszlandowski/Documents/homeworkspace/src/application-bo/application-bo-core/src/main/java/com/brand/application/bo/core/model/Component_Roo_JavaBean.aj
/Users/tomaszlandowski/Documents/homeworkspace/src/application-bo/application-bo-core/src/main/java/com/brand/application/bo/core/repository/ComponentRatingRepository_Roo_Jpa_Repository.aj
/Users/tomaszlandowski/Documents/homeworkspace/src/application-bo/application-bo-core/src/main/java/com/brand/application/bo/core/model/ComponentRating_Roo_Configurable.aj
/Users/tomaszlandowski/Documents/homeworkspace/src/application-bo/application-bo-core/src/main/java/com/brand/application/bo/core/repository/CategoryRepository_Roo_Jpa_Repository.aj
/Users/tomaszlandowski/Documents/homeworkspace/src/application-bo/application-bo-core/src/main/java/com/brand/application/bo/core/model/Product_Roo_Configurable.aj
/Users/tomaszlandowski/Documents/homeworkspace/src/application-bo/application-bo-core/src/main/java/com/brand/application/bo/core/model/Category_Roo_Jpa_Entity.aj
/Users/tomaszlandowski/Documents/homeworkspace/src/application-bo/application-bo-core/src/main/java/com/brand/application/bo/core/model/Product.java
/Users/tomaszlandowski/Documents/homeworkspace/src/application-bo/application-bo-core/src/main/java/com/brand/application/bo/core/model/Country_Roo_Jpa_Entity.aj
/Users/tomaszlandowski/Documents/homeworkspace/src/application-bo/application-bo-core/src/main/java/com/brand/application/bo/core/model/Component_Roo_ToString.aj
/Users/tomaszlandowski/Documents/homeworkspace/src/application-bo/application-bo-core/src/main/java/com/brand/application/bo/core/model/ComponentRating_Roo_JavaBean.aj
/Users/tomaszlandowski/Documents/homeworkspace/src/application-bo/application-bo-core/src/main/java/com/brand/application/bo/core/repository/ComponentRatingRepository.java
/Users/tomaszlandowski/Documents/homeworkspace/src/application-bo/application-bo-core/src/main/java/com/brand/application/bo/core/repository/CategoryRepository.java
/Users/tomaszlandowski/Documents/homeworkspace/src/application-bo/application-bo-core/src/main/java/com/brand/application/bo/core/model/Component_Roo_Jpa_ActiveRecord.aj
/Users/tomaszlandowski/Documents/homeworkspace/src/application-bo/application-bo-core/src/main/java/com/brand/application/bo/core/model/Product_Roo_Jpa_Entity.aj
/Users/tomaszlandowski/Documents/homeworkspace/src/application-bo/application-bo-core/src/main/java/com/brand/application/bo/core/model/Producer_Roo_ToString.aj
